[Appium] Welcome to Appium v1.22.3
[Appium] Non-default server args:
[Appium]   port: 49842
[Appium]   loglevel: info
[Appium]   tmpDir: /var/folders/m0/w3tqxzxj3qbbwynpw0_crccr0000gn/T//Katalon/Appium/Temp1676785261421
[Appium]   chromedriverPort: 49843
[Appium] Deprecated server args:
[Appium]   --chromedriver-port => --default-capabilities
[Appium] Default capabilities, which will be added to each request unless overridden by desired capabilities:
[Appium]   chromedriverPort: 49843
[Appium] Appium REST http interface listener started on 0.0.0.0:49842
[HTTP] --> GET /wd/hub/status
[HTTP] {}
[HTTP] <-- GET /wd/hub/status 200 6 ms - 68
[HTTP] 
[HTTP] --> GET /wd/hub/status
[HTTP] {}
[HTTP] <-- GET /wd/hub/status 200 2 ms - 68
[HTTP] 
[HTTP] --> POST /wd/hub/session
[HTTP] {"desiredCapabilities":{"app":"/Users/macbookpro/Documents/KatalonProject/Perqara/DemoAppTest-PerqaraTechnicalTest/APK/Android-MyDemoAppRN.1.3.0.build-244.apk","noReset":true,"deviceName":"emulator-5554 (Android SDK built for x86 - Android 10)","fullReset":false,"platform":"ANDROID","newCommandTimeout":1800,"platformVersion":"10","automationName":"uiautomator2","autoGrantPermissions":true,"platformName":"Android","udid":"emulator-5554","systemPort":49858},"capabilities":{"firstMatch":[{"appium:app":"/Users/macbookpro/Documents/KatalonProject/Perqara/DemoAppTest-PerqaraTechnicalTest/APK/Android-MyDemoAppRN.1.3.0.build-244.apk","appium:autoGrantPermissions":true,"appium:automationName":"uiautomator2","appium:deviceName":"emulator-5554 (Android SDK built for x86 - Android 10)","appium:fullReset":false,"appium:newCommandTimeout":1800,"appium:noReset":true,"platform":"ANDROID","platformName":"android","appium:platformVersion":"10","appium:systemPort":49858,"appium:udid":"emulator-5554"}]}}
[BaseDriver] The following capabilities are not standard capabilities and should have an extension prefix:
[BaseDriver]   platform
[BaseDriver]   chromedriverPort
[Appium] Appium v1.22.3 creating new AndroidUiautomator2Driver (v1.75.0) session
[BaseDriver] The following capabilities were provided, but are not recognized by Appium:
[BaseDriver]   platform
[BaseDriver] Session created with session id: ae4cf946-38d0-42e4-936c-6c5a84978e1f
[BaseDriver] Using local app '/Users/macbookpro/Documents/KatalonProject/Perqara/DemoAppTest-PerqaraTechnicalTest/APK/Android-MyDemoAppRN.1.3.0.build-244.apk'
[ADB] Found 1 'build-tools' folders under '/Users/macbookpro/.katalon/tools/android_sdk' (newest first):
[ADB]     /Users/macbookpro/.katalon/tools/android_sdk/build-tools/29.0.3
[ADB] Using 'adb' from '/Users/macbookpro/.katalon/tools/android_sdk/platform-tools/adb'
[AndroidDriver] Retrieving device list
[AndroidDriver] Using device: emulator-5554
[ADB] Using 'adb' from '/Users/macbookpro/.katalon/tools/android_sdk/platform-tools/adb'
[ADB] Getting device platform version
[UiAutomator2] Relaxing hidden api policy
[ADB] Package name: 'com.saucelabs.mydemoapp.rn'
[ADB] Main activity name: 'com.saucelabs.mydemoapp.rn.MainActivity'
[ADB] Using 'apksigner.jar' from '/Users/macbookpro/.katalon/tools/android_sdk/build-tools/29.0.3/lib/apksigner.jar'
[ADB] '/usr/local/Cellar/appium/1.22.3/libexec/lib/node_modules/appium/node_modules/appium-uiautomator2-server/apks/appium-uiautomator2-server-v4.29.1.apk' is signed with the default certificate
[ADB] '/usr/local/Cellar/appium/1.22.3/libexec/lib/node_modules/appium/node_modules/appium-uiautomator2-server/apks/appium-uiautomator2-server-debug-androidTest.apk' is signed with the default certificate
[UiAutomator2] Server packages are not going to be (re)installed
[ADB] Adding packages ["io.appium.settings","io.appium.uiautomator2.server","io.appium.uiautomator2.server.test"] to Doze whitelist
[ADB] '/Users/macbookpro/Documents/KatalonProject/Perqara/DemoAppTest-PerqaraTechnicalTest/APK/Android-MyDemoAppRN.1.3.0.build-244.apk' is signed with a non-default certificate
[ADB] The application at '/Users/macbookpro/Documents/KatalonProject/Perqara/DemoAppTest-PerqaraTechnicalTest/APK/Android-MyDemoAppRN.1.3.0.build-244.apk' will not be cached, because the device under test has confirmed the support of streamed installs
[ADB] The installation of 'Android-MyDemoAppRN.1.3.0.build-244.apk' took 2815ms
[UiAutomator2] Starting UIAutomator2 server 4.29.1
[UiAutomator2] Using UIAutomator2 server from '/usr/local/Cellar/appium/1.22.3/libexec/lib/node_modules/appium/node_modules/appium-uiautomator2-server/apks/appium-uiautomator2-server-v4.29.1.apk' and test from '/usr/local/Cellar/appium/1.22.3/libexec/lib/node_modules/appium/node_modules/appium-uiautomator2-server/apks/appium-uiautomator2-server-debug-androidTest.apk'
[UiAutomator2] Waiting up to 30000ms for UiAutomator2 to be online...
[WD Proxy] socket hang up
[WD Proxy] socket hang up
[WD Proxy] socket hang up
[WD Proxy] socket hang up
[WD Proxy] Determined the downstream protocol as 'W3C'
[AndroidDriver] Screen already unlocked, doing nothing
[UiAutomator2] Starting 'com.saucelabs.mydemoapp.rn/com.saucelabs.mydemoapp.rn.MainActivity and waiting for 'com.saucelabs.mydemoapp.rn/com.saucelabs.mydemoapp.rn.MainActivity'
[Appium] New AndroidUiautomator2Driver session created successfully, session ae4cf946-38d0-42e4-936c-6c5a84978e1f added to master session list
[HTTP] <-- POST /wd/hub/session 200 19920 ms - 1464
[HTTP] 
[HTTP] --> GET /wd/hub/session/ae4cf946-38d0-42e4-936c-6c5a84978e1f
[HTTP] {}
[HTTP] <-- GET /wd/hub/session/ae4cf946-38d0-42e4-936c-6c5a84978e1f 200 54 ms - 1418
[HTTP] 
[HTTP] --> GET /wd/hub/session/ae4cf946-38d0-42e4-936c-6c5a84978e1f
[HTTP] {}
[HTTP] <-- GET /wd/hub/session/ae4cf946-38d0-42e4-936c-6c5a84978e1f 200 13 ms - 1418
[HTTP] 
[HTTP] --> GET /wd/hub/status
[HTTP] {}
[HTTP] <-- GET /wd/hub/status 200 1 ms - 68
[HTTP] 
[HTTP] --> POST /wd/hub/session/ae4cf946-38d0-42e4-936c-6c5a84978e1f/timeouts
[HTTP] {"implicit":60000}
[HTTP] <-- POST /wd/hub/session/ae4cf946-38d0-42e4-936c-6c5a84978e1f/timeouts 200 3 ms - 14
[HTTP] 
[HTTP] --> GET /wd/hub/session/ae4cf946-38d0-42e4-936c-6c5a84978e1f/source
[HTTP] {}
[W3C (ae4cf946)] Driver proxy active, passing request on via HTTP proxy
[WD Proxy] Replacing sessionId 74d4803e-5f3b-4196-881e-1cba371f38c1 with ae4cf946-38d0-42e4-936c-6c5a84978e1f
[HTTP] <-- GET /wd/hub/session/ae4cf946-38d0-42e4-936c-6c5a84978e1f/source 200 1693 ms - 54163
[HTTP] 
[HTTP] --> GET /wd/hub/session/ae4cf946-38d0-42e4-936c-6c5a84978e1f/screenshot
[HTTP] {}
[HTTP] <-- GET /wd/hub/session/ae4cf946-38d0-42e4-936c-6c5a84978e1f/screenshot 200 1644 ms - 1912014
[HTTP] 
[HTTP] --> GET /wd/hub/session/ae4cf946-38d0-42e4-936c-6c5a84978e1f/source
[HTTP] {}
[W3C (ae4cf946)] Driver proxy active, passing request on via HTTP proxy
[WD Proxy] Replacing sessionId 74d4803e-5f3b-4196-881e-1cba371f38c1 with ae4cf946-38d0-42e4-936c-6c5a84978e1f
[HTTP] <-- GET /wd/hub/session/ae4cf946-38d0-42e4-936c-6c5a84978e1f/source 200 338 ms - 30968
[HTTP] 
[HTTP] --> GET /wd/hub/session/ae4cf946-38d0-42e4-936c-6c5a84978e1f/screenshot
[HTTP] {}
[HTTP] <-- GET /wd/hub/session/ae4cf946-38d0-42e4-936c-6c5a84978e1f/screenshot 200 1108 ms - 184302
[HTTP] 
[HTTP] --> POST /wd/hub/session/ae4cf946-38d0-42e4-936c-6c5a84978e1f/elements
[HTTP] {"using":"xpath","value":"//*[@class = 'android.widget.EditText' and (@text = 'Entrance 1' or . = 'Entrance 1')]"}
[HTTP] <-- POST /wd/hub/session/ae4cf946-38d0-42e4-936c-6c5a84978e1f/elements 200 864 ms - 139
[HTTP] 
